<?xml version="1.0" encoding="UTF-8"?>
<testsuite xmlns:xsi="http://www.w3.org/2001/XMLSchema-instance" xsi:noNamespaceSchemaLocation="https://maven.apache.org/surefire/maven-surefire-plugin/xsd/surefire-test-report.xsd" name="guru.springframework.sfgpetclinic.business.concretes.OwnerManagerTest" time="1.415" tests="7" errors="0" skipped="0" failures="0">
  <properties>
[...]
</properties>
  <testcase name="delete" classname="guru.springframework.sfgpetclinic.business.concretes.OwnerManagerTest" time="0.059"/>
  <testcase name="findAll" classname="guru.springframework.sfgpetclinic.business.concretes.OwnerManagerTest" time="0.014"/>
  <testcase name="findById" classname="guru.springframework.sfgpetclinic.business.concretes.OwnerManagerTest" time="0.008"/>
  <testcase name="save" classname="guru.springframework.sfgpetclinic.business.concretes.OwnerManagerTest" time="0.007"/>
  <testcase name="findByLastName" classname="guru.springframework.sfgpetclinic.business.concretes.OwnerManagerTest" time="0.008"/>
  <testcase name="findByIdNotFound" classname="guru.springframework.sfgpetclinic.business.concretes.OwnerManagerTest" time="0.009"/>
  <testcase name="deleteById" classname="guru.springframework.sfgpetclinic.business.concretes.OwnerManagerTest" time="0.007"/>
</testsuite>